<?xml version="1.0" encoding="UTF-8"?>
<testsuite xmlns:xsi="http://www.w3.org/2001/XMLSchema-instance" xsi:noNamespaceSchemaLocation="https://maven.apache.org/surefire/maven-surefire-plugin/xsd/surefire-test-report-3.0.xsd" version="3.0" name="com.omr.runner.TestRunner" time="15.587" tests="1" errors="0" skipped="0" failures="0">
  <properties>
[...]
</properties>
  <testcase name="Verify the login with valid credentials" classname="Verify the Login module" time="12.488">
    <system-out><![CDATA[
@Login1
Scenario Outline: Verify the login with valid credentials                 &amp#27;[90m# src/test/resources/Feature/TC01_Login.feature:12&amp#27;[0m

    Embedding Before step [image/png 1402785 bytes]

  &amp#27;[32mGiven &amp#27;[0m&amp#27;[32mUser is on the Home page&amp#27;[0m                                          &amp#27;[90m# com.omr.stepdefinition.TC01_LoginStep.user_is_on_the_home_page()&amp#27;[0m

    Embedding After step [image/png 1402785 bytes]


    Embedding Before step [image/png 1402785 bytes]

  &amp#27;[32mWhen &amp#27;[0m&amp#27;[32mUser enter username &amp#27;[0m&amp#27;[32m&amp#27;[1m"Srinivasanomr"&amp#27;[0m&amp#27;[32m and password &amp#27;[0m&amp#27;[32m&amp#27;[1m"Srini@123"&amp#27;[0m       &amp#27;[90m# com.omr.stepdefinition.TC01_LoginStep.user_enter_username_and_password(java.lang.String,java.lang.String)&amp#27;[0m

    Embedding After step [image/png 1409100 bytes]


    Embedding Before step [image/png 1409070 bytes]

  &amp#27;[32mAnd &amp#27;[0m&amp#27;[32mUser click login button&amp#27;[0m                                             &amp#27;[90m# com.omr.stepdefinition.TC01_LoginStep.user_click_login_button()&amp#27;[0m

    Embedding After step [image/png 556898 bytes]


    Embedding Before step [image/png 556898 bytes]

  &amp#27;[32mThen &amp#27;[0m&amp#27;[32mUser verify the success message after login &amp#27;[0m&amp#27;[32m&amp#27;[1m"Hello Srinivasanomr!"&amp#27;[0m &amp#27;[90m# com.omr.stepdefinition.TC01_LoginStep.user_verify_the_success_message_after_login(java.lang.String)&amp#27;[0m

    Embedding After step [image/png 556898 bytes]


    Embedding Every Scenario [image/png 556898 bytes]

]]></system-out>
    <system-err><![CDATA[Aug 19, 2025 11:16:39 AM org.openqa.selenium.devtools.CdpVersionFinder findNearestMatch
WARNING: Unable to find CDP implementation matching 138
Aug 19, 2025 11:16:39 AM org.openqa.selenium.chromium.ChromiumDriver lambda$new$4
WARNING: Unable to find version of CDP to use for 138.0.7204.185. You may need to include a dependency on a specific version of the CDP using something similar to `org.seleniumhq.selenium:selenium-devtools-v86:4.28.1` where the version ("v86") matches the version of the chromium-based browser you're using and the version number of the artifact is the same as Selenium's.
]]></system-err>
  </testcase>
</testsuite>